<?xml version="1.0" encoding="UTF-8"?>
<testng-results skipped="0" failed="1" total="1" passed="0">
  <reporter-output>
  </reporter-output>
  <suite name="Default suite" duration-ms="28156" started-at="2017-08-02T02:59:39Z" finished-at="2017-08-02T03:00:07Z">
    <groups>
    </groups>
    <test name="Default test" duration-ms="28156" started-at="2017-08-02T02:59:39Z" finished-at="2017-08-02T03:00:07Z">
      <class name="com.application.scripts.TC01">
        <test-method status="PASS" signature="suiteFirst(org.testng.ITestContext)[pri:0, instance:com.application.scripts.TC01@71238fc2]" name="suiteFirst" is-config="true" duration-ms="79" started-at="2017-08-01T22:59:39Z" finished-at="2017-08-01T22:59:39Z">
          <params>
            <param index="0">
              <value>
                <![CDATA[org.testng.TestRunner@2a2da905]]>
              </value>
            </param>
          </params>
          <reporter-output>
          </reporter-output>
        </test-method> <!-- suiteFirst -->
        <test-method status="PASS" signature="first(org.testng.ITestContext)[pri:0, instance:com.application.scripts.TC01@71238fc2]" name="first" is-config="true" duration-ms="1" started-at="2017-08-01T22:59:39Z" finished-at="2017-08-01T22:59:39Z">
          <params>
            <param index="0">
              <value>
                <![CDATA[org.testng.TestRunner@2a2da905]]>
              </value>
            </param>
          </params>
          <reporter-output>
          </reporter-output>
        </test-method> <!-- first -->
        <test-method status="PASS" signature="firstBeforeClass(org.testng.ITestContext)[pri:0, instance:com.application.scripts.TC01@71238fc2]" name="firstBeforeClass" is-config="true" duration-ms="0" started-at="2017-08-01T22:59:39Z" finished-at="2017-08-01T22:59:39Z">
          <params>
            <param index="0">
              <value>
                <![CDATA[org.testng.TestRunner@2a2da905]]>
              </value>
            </param>
          </params>
          <reporter-output>
          </reporter-output>
        </test-method> <!-- firstBeforeClass -->
        <test-method status="PASS" signature="reportHeader(java.lang.reflect.Method, org.testng.ITestContext)[pri:0, instance:com.application.scripts.TC01@71238fc2]" name="reportHeader" is-config="true" duration-ms="14142" started-at="2017-08-01T22:59:39Z" finished-at="2017-08-01T22:59:53Z">
          <params>
            <param index="0">
              <value>
                <![CDATA[public void com.application.scripts.TC01.testTC01() throws java.lang.Throwable]]>
              </value>
            </param>
            <param index="1">
              <value>
                <![CDATA[org.testng.TestRunner@2a2da905]]>
              </value>
            </param>
          </params>
          <reporter-output>
          </reporter-output>
        </test-method> <!-- reportHeader -->
        <test-method status="FAIL" signature="testTC01()[pri:0, instance:com.application.scripts.TC01@71238fc2]" name="testTC01" duration-ms="11670" started-at="2017-08-01T22:59:53Z" finished-at="2017-08-01T23:00:05Z">
          <exception class="org.openqa.selenium.ElementNotVisibleException">
            <message>
              <![CDATA[element not visible
  (Session info: chrome=59.0.3071.115)
  (Driver info: chromedriver=2.29.461591 (62ebf098771772160f391d75e589dc567915b233),platform=Windows NT 6.3.9600 x86_64) (WARNING: The server did not provide any stacktrace information)
Command duration or timeout: 276 milliseconds
Build info: version: '3.0.1', revision: '1969d75', time: '2016-10-18 09:49:13 -0700'
System info: host: 'Lenovo-PC', ip: '192.168.247.1', os.name: 'Windows 8.1', os.arch: 'amd64', os.version: '6.3', java.version: '1.8.0_111'
Driver info: org.openqa.selenium.chrome.ChromeDriver
Capabilities [{applicationCacheEnabled=false, rotatable=false, mobileEmulationEnabled=false, networkConnectionEnabled=false, chrome={chromedriverVersion=2.29.461591 (62ebf098771772160f391d75e589dc567915b233), userDataDir=C:\Users\NARESH~1\AppData\Local\Temp\scoped_dir1512_30298}, takesHeapSnapshot=true, pageLoadStrategy=normal, databaseEnabled=false, handlesAlerts=true, hasTouchScreen=false, version=59.0.3071.115, platform=WIN8_1, browserConnectionEnabled=false, nativeEvents=true, acceptSslCerts=true, locationContextEnabled=true, webStorageEnabled=true, browserName=chrome, takesScreenshot=true, javascriptEnabled=true, cssSelectorsEnabled=true, unexpectedAlertBehaviour=}]
Session ID: fb36debac523fbbd260eee8e1253a1c7]]>
            </message>
            <full-stacktrace>
              <![CDATA[org.openqa.selenium.ElementNotVisibleException: element not visible
  (Session info: chrome=59.0.3071.115)
  (Driver info: chromedriver=2.29.461591 (62ebf098771772160f391d75e589dc567915b233),platform=Windows NT 6.3.9600 x86_64) (WARNING: The server did not provide any stacktrace information)
Command duration or timeout: 276 milliseconds
Build info: version: '3.0.1', revision: '1969d75', time: '2016-10-18 09:49:13 -0700'
System info: host: 'Lenovo-PC', ip: '192.168.247.1', os.name: 'Windows 8.1', os.arch: 'amd64', os.version: '6.3', java.version: '1.8.0_111'
Driver info: org.openqa.selenium.chrome.ChromeDriver
Capabilities [{applicationCacheEnabled=false, rotatable=false, mobileEmulationEnabled=false, networkConnectionEnabled=false, chrome={chromedriverVersion=2.29.461591 (62ebf098771772160f391d75e589dc567915b233), userDataDir=C:\Users\NARESH~1\AppData\Local\Temp\scoped_dir1512_30298}, takesHeapSnapshot=true, pageLoadStrategy=normal, databaseEnabled=false, handlesAlerts=true, hasTouchScreen=false, version=59.0.3071.115, platform=WIN8_1, browserConnectionEnabled=false, nativeEvents=true, acceptSslCerts=true, locationContextEnabled=true, webStorageEnabled=true, browserName=chrome, takesScreenshot=true, javascriptEnabled=true, cssSelectorsEnabled=true, unexpectedAlertBehaviour=}]
Session ID: fb36debac523fbbd260eee8e1253a1c7
	at sun.reflect.NativeConstructorAccessorImpl.newInstance0(Native Method)
	at sun.reflect.NativeConstructorAccessorImpl.newInstance(NativeConstructorAccessorImpl.java:62)
	at sun.reflect.DelegatingConstructorAccessorImpl.newInstance(DelegatingConstructorAccessorImpl.java:45)
	at java.lang.reflect.Constructor.newInstance(Constructor.java:423)
	at org.openqa.selenium.remote.ErrorHandler.createThrowable(ErrorHandler.java:216)
	at org.openqa.selenium.remote.ErrorHandler.throwIfResponseFailed(ErrorHandler.java:168)
	at org.openqa.selenium.remote.RemoteWebDriver.execute(RemoteWebDriver.java:635)
	at org.openqa.selenium.remote.RemoteWebElement.execute(RemoteWebElement.java:274)
	at org.openqa.selenium.remote.RemoteWebElement.click(RemoteWebElement.java:84)
	at sun.reflect.NativeMethodAccessorImpl.invoke0(Native Method)
	at sun.reflect.NativeMethodAccessorImpl.invoke(NativeMethodAccessorImpl.java:62)
	at sun.reflect.DelegatingMethodAccessorImpl.invoke(DelegatingMethodAccessorImpl.java:43)
	at java.lang.reflect.Method.invoke(Method.java:498)
	at org.openqa.selenium.support.events.EventFiringWebDriver$EventFiringWebElement$1.invoke(EventFiringWebDriver.java:331)
	at com.sun.proxy.$Proxy14.click(Unknown Source)
	at org.openqa.selenium.support.events.EventFiringWebDriver$EventFiringWebElement.click(EventFiringWebDriver.java:344)
	at com.application.scripts.TC01.testTC01(TC01.java:53)
	at sun.reflect.NativeMethodAccessorImpl.invoke0(Native Method)
	at sun.reflect.NativeMethodAccessorImpl.invoke(NativeMethodAccessorImpl.java:62)
	at sun.reflect.DelegatingMethodAccessorImpl.invoke(DelegatingMethodAccessorImpl.java:43)
	at java.lang.reflect.Method.invoke(Method.java:498)
	at org.testng.internal.MethodInvocationHelper.invokeMethod(MethodInvocationHelper.java:84)
	at org.testng.internal.Invoker.invokeMethod(Invoker.java:714)
	at org.testng.internal.Invoker.invokeTestMethod(Invoker.java:901)
	at org.testng.internal.Invoker.invokeTestMethods(Invoker.java:1231)
	at org.testng.internal.TestMethodWorker.invokeTestMethods(TestMethodWorker.java:127)
	at org.testng.internal.TestMethodWorker.run(TestMethodWorker.java:111)
	at org.testng.TestRunner.privateRun(TestRunner.java:767)
	at org.testng.TestRunner.run(TestRunner.java:617)
	at org.testng.SuiteRunner.runTest(SuiteRunner.java:348)
	at org.testng.SuiteRunner.runSequentially(SuiteRunner.java:343)
	at org.testng.SuiteRunner.privateRun(SuiteRunner.java:305)
	at org.testng.SuiteRunner.run(SuiteRunner.java:254)
	at org.testng.SuiteRunnerWorker.runSuite(SuiteRunnerWorker.java:52)
	at org.testng.SuiteRunnerWorker.run(SuiteRunnerWorker.java:86)
	at org.testng.TestNG.runSuitesSequentially(TestNG.java:1224)
	at org.testng.TestNG.runSuitesLocally(TestNG.java:1149)
	at org.testng.TestNG.run(TestNG.java:1057)
	at org.testng.remote.AbstractRemoteTestNG.run(AbstractRemoteTestNG.java:132)
	at org.testng.remote.RemoteTestNG.initAndRun(RemoteTestNG.java:236)
	at org.testng.remote.RemoteTestNG.main(RemoteTestNG.java:81)
]]>
            </full-stacktrace>
          </exception> <!-- org.openqa.selenium.ElementNotVisibleException -->
          <reporter-output>
          </reporter-output>
        </test-method> <!-- testTC01 -->
        <test-method status="PASS" signature="tearDown()[pri:0, instance:com.application.scripts.TC01@71238fc2]" name="tearDown" is-config="true" duration-ms="2294" started-at="2017-08-01T23:00:05Z" finished-at="2017-08-01T23:00:07Z">
          <reporter-output>
          </reporter-output>
        </test-method> <!-- tearDown -->
        <test-method status="PASS" signature="close()[pri:0, instance:com.application.scripts.TC01@71238fc2]" name="close" is-config="true" duration-ms="1" started-at="2017-08-01T23:00:07Z" finished-at="2017-08-01T23:00:07Z">
          <reporter-output>
          </reporter-output>
        </test-method> <!-- close -->
        <test-method status="PASS" signature="first1(org.testng.ITestContext)[pri:0, instance:com.application.scripts.TC01@71238fc2]" name="first1" is-config="true" duration-ms="5" started-at="2017-08-01T23:00:07Z" finished-at="2017-08-01T23:00:07Z">
          <params>
            <param index="0">
              <value>
                <![CDATA[org.testng.TestRunner@2a2da905]]>
              </value>
            </param>
          </params>
          <reporter-output>
          </reporter-output>
        </test-method> <!-- first1 -->
        <test-method status="PASS" signature="tearDownFirefox(org.testng.ITestContext)[pri:0, instance:com.application.scripts.TC01@71238fc2]" name="tearDownFirefox" is-config="true" duration-ms="1425" started-at="2017-08-01T23:00:07Z" finished-at="2017-08-01T23:00:08Z">
          <params>
            <param index="0">
              <value>
                <![CDATA[org.testng.TestRunner@2a2da905]]>
              </value>
            </param>
          </params>
          <reporter-output>
          </reporter-output>
        </test-method> <!-- tearDownFirefox -->
      </class> <!-- com.application.scripts.TC01 -->
    </test> <!-- Default test -->
  </suite> <!-- Default suite -->
</testng-results>
